[27/04/2013 13:16:57] /a 2
[27/04/2013 13:17:01] /i 2020
[27/04/2013 13:17:07] /attr action 2020
[27/04/2013 13:17:10] /town 2
[27/04/2013 13:17:23] /attr action 2020
[27/04/2013 13:17:42] /attr action 2020
[27/04/2013 13:19:17] /shutdown
[27/04/2013 16:51:30] /town 2
[27/04/2013 17:06:27] /shutdown
[27/04/2013 17:23:07] /m venomoth
[27/04/2013 18:59:06] /shutdown
[03/05/2013 17:47:53] /i 1496
[03/05/2013 17:50:37] /shutdown
[03/05/2013 17:56:03] /m rattata
[03/05/2013 17:57:35] /reload monster
[05/05/2013 14:12:15] /m dragonite s
[05/05/2013 14:12:16] /m dragonite s
[05/05/2013 14:12:24] /r
[05/05/2013 14:12:25] /r
[05/05/2013 14:25:24] /shutdown
[05/05/2013 14:28:48] /m charmander s
[05/05/2013 14:28:57] /m charmander
[05/05/2013 14:29:26] /m caterpie s
[05/05/2013 14:29:32] /m caterpie
[05/05/2013 14:30:33] /shutdown
[05/05/2013 14:31:28] /m caterpie
[05/05/2013 14:31:37] /m caterpie s
[05/05/2013 14:47:23] /shutdown
[05/05/2013 17:36:28] /i master ball
[05/05/2013 17:36:30] /m magmar
[05/05/2013 17:36:56] /i revive
[08/05/2013 17:33:32] /reload actions
[08/05/2013 17:34:54] /shutdown
[10/05/2013 13:38:47] /newtype 2
[10/05/2013 13:38:48] /newtype 3
[10/05/2013 13:41:54] /reload talkation
[10/05/2013 13:42:08] /reload talkations
[10/05/2013 13:42:14] /reload talkactions
[10/05/2013 13:43:34] /reload talkactions
[10/05/2013 13:44:15] /reload talkactions
[10/05/2013 13:51:02] /reload talkactions
[10/05/2013 13:54:47] /reload talkactions
[10/05/2013 14:00:19] /reload talkactions
[10/05/2013 14:48:49] /shutdown
[11/05/2013 15:43:40] /addskill adm ,lvl,600
[11/05/2013 15:45:10] /i 255
[11/05/2013 15:55:02] /shutdown
[11/05/2013 16:48:16] /town 2
[11/05/2013 16:48:20] /n .dalk
[11/05/2013 16:48:26] /i 2145
[11/05/2013 16:48:47] /newtype 313
[11/05/2013 16:49:54] /r
[11/05/2013 16:50:00] /n .dalk
[11/05/2013 16:50:41] /shutdown
[12/05/2013 08:38:11] /shutdown
[13/05/2013 18:09:00] /n nurse
[13/05/2013 18:09:44] /town 2
[13/05/2013 18:09:48] /m mini magikarp s
[13/05/2013 18:09:54] /m medio magikarp s
[13/05/2013 18:09:59] /m big magikarp s
[13/05/2013 18:10:10] /m shiny big snorlax
[13/05/2013 18:10:14] /m shiny big magikarp
[13/05/2013 18:10:16] /m shiny big magikarp s
[13/05/2013 18:10:18] /r
[13/05/2013 18:10:23] /m magikarp
[13/05/2013 18:10:31] /r
[13/05/2013 18:10:39] /n nurse
