[27/03/2013 10:36:58] /n nurse
[27/03/2013 10:37:47] /c eron
[27/03/2013 10:38:33] /m wartortle s
[27/03/2013 21:54:41] /m blastoise s
[27/03/2013 21:54:52] /m blastoise s
[27/03/2013 21:54:53] /m blastoise s
[27/03/2013 21:54:53] /m blastoise s
[27/03/2013 21:55:03] /m blastoise s
[27/03/2013 21:55:03] /m blastoise s
[27/03/2013 21:55:03] /m blastoise s
[27/03/2013 21:55:04] /m blastoise s
[27/03/2013 21:55:04] /m blastoise s
[28/03/2013 15:21:10] /n nurse
[28/03/2013 16:20:42] /goto mrmime
[29/03/2013 04:18:12] /town 1
[29/03/2013 18:32:00] /i 11958
[29/03/2013 18:32:24] /i 2158
[29/03/2013 18:32:26] /i 2157
[29/03/2013 18:32:27] /i 2156
[29/03/2013 18:32:28] /i 2155
[29/03/2013 18:39:04] /town 1
[29/03/2013 18:41:24] /newtype 127
[29/03/2013 18:42:19] /newtype 313
[29/03/2013 18:43:24] /c teste
[29/03/2013 18:44:45] /i 2155
[02/04/2013 18:12:50] /newtype 320
[02/04/2013 18:13:02] /newtype 220
[02/04/2013 18:13:13] /newtype 320
[02/04/2013 18:13:18] /newtype 320
[02/04/2013 18:13:33] /newtype 320
[02/04/2013 18:14:22] /m shiny victrebell
[02/04/2013 18:14:26] /m shiny golem
[02/04/2013 18:14:30] /r
[06/04/2013 14:09:12] /goto surge
[06/04/2013 14:10:51] /n nurse
[06/04/2013 14:10:55] /m golem s
[06/04/2013 14:10:56] /m golem s
[06/04/2013 14:11:22] /town 1
[06/04/2013 14:11:23] /town 2
[06/04/2013 14:11:24] /town 3
[06/04/2013 14:11:25] /town 4
[06/04/2013 14:11:26] /town 5
[06/04/2013 14:11:28] /town 6
[06/04/2013 14:11:29] /town 7
[06/04/2013 14:11:30] /town 8
[06/04/2013 14:11:32] /town 9
[06/04/2013 14:11:36] /a 2
[06/04/2013 14:11:37] /up
[06/04/2013 14:11:45] /r
[06/04/2013 14:11:47] /r
[06/04/2013 14:11:48] /a 1
[06/04/2013 14:11:50] /a 2
[06/04/2013 14:11:56] /down
[06/04/2013 14:29:58] /c eron test
[06/04/2013 14:30:15] /addskill eron test,lvl,500
[06/04/2013 14:30:47] /goto gyarados
[06/04/2013 14:30:57] /c eron test
[06/04/2013 14:31:56] /t eron test
[06/04/2013 14:54:00] /i 4825
[06/04/2013 14:54:14] /i 4820
[06/04/2013 14:55:55] /i 4664
[06/04/2013 14:58:04] /m venusaur s
[06/04/2013 14:58:04] /m venusaur s
[06/04/2013 14:58:16] /m venusaur s
[06/04/2013 14:58:16] /m venusaur s
[06/04/2013 14:58:16] /m venusaur s
[06/04/2013 14:58:18] /m venusaur s
[06/04/2013 14:58:19] /m venusaur s
[06/04/2013 14:58:38] /goto eron test
[06/04/2013 14:58:49] /goto eron test
[06/04/2013 14:59:36] /n nurse
[06/04/2013 15:00:02] /town 2 Eron test
[06/04/2013 15:00:07] /town 2 "eron test
[06/04/2013 15:00:13] /town 2 eron test
[06/04/2013 15:00:19] /town 2"eron test
[06/04/2013 15:00:27] /t "eron test
[06/04/2013 15:00:38] /t eron test
[06/04/2013 15:00:39] /t eron test
[06/04/2013 15:00:40] /t eron test
[06/04/2013 15:00:40] /t eron test
[06/04/2013 15:00:41] /t eron test
[06/04/2013 15:00:46] /town 1 eron test
[06/04/2013 15:00:52] /town eron test
[06/04/2013 15:00:59] /town 2]
[06/04/2013 15:01:00] /town 2
[06/04/2013 15:01:05] /c eron test
[06/04/2013 15:01:12] /m venusaur s
[06/04/2013 15:01:13] /m venusaur s
[06/04/2013 15:01:29] /m venusaur s
[06/04/2013 15:01:30] /m venusaur s
[06/04/2013 15:01:30] /m venusaur s
[06/04/2013 15:01:30] /m venusaur s
[07/04/2013 16:11:04] /m blastoise s
[07/04/2013 16:11:30] /m blastoise s
[07/04/2013 16:12:29] /n nurse
[07/04/2013 16:12:37] /m blastoise s
[07/04/2013 16:13:34] /m blastoise s
[07/04/2013 16:14:24] /m magmar s
[07/04/2013 16:14:31] /m magmar s
[07/04/2013 16:16:22] /c eron test
[07/04/2013 16:25:22] /town 2
[07/04/2013 16:25:22] /town 3
[07/04/2013 16:25:23] /town 4
[07/04/2013 16:25:25] /town 5
[07/04/2013 16:25:26] /town 6
[07/04/2013 16:25:27] /town 8
[07/04/2013 16:25:29] /town 9
[07/04/2013 16:26:01] /goto ern test
[07/04/2013 16:26:04] /goto eron test
[07/04/2013 16:28:46] /i rock stone
[07/04/2013 16:28:48] /i crystal stone
[07/04/2013 16:30:38] /i water stone
[07/04/2013 16:30:43] /i punch stone
[07/04/2013 16:35:46] /m venusaur s
[07/04/2013 16:35:47] /m venusaur s
[07/04/2013 16:35:48] /m venusaur s
[07/04/2013 16:35:55] /r
[07/04/2013 16:35:56] /r
[07/04/2013 16:35:57] /r
[07/04/2013 16:54:42] /c eron test
[07/04/2013 16:54:48] /m magmar s
[07/04/2013 17:02:32] /n nurse
[10/04/2013 15:55:21] /i 11627
[10/04/2013 15:55:35] /i 11628
[10/04/2013 16:12:58] /i 2644
[10/04/2013 16:13:46] /i 2655
[10/04/2013 16:18:24] /i 2149
[10/04/2013 16:27:21] /i 11625
[10/04/2013 16:27:23] /i 11624
[10/04/2013 16:39:03] /i 2224
[10/04/2013 23:02:54] /i estaca magica
[10/04/2013 23:02:57] /town 2
[11/04/2013 22:01:19] /n loottask1
[11/04/2013 22:01:31] /n loot task1
[11/04/2013 22:02:34] /n loot task1
[11/04/2013 22:02:45] /i feather
[11/04/2013 22:03:19] /i 8823
[11/04/2013 22:03:50] /r
[11/04/2013 22:03:55] /n loot task1
[11/04/2013 22:05:11] /r
[11/04/2013 22:05:15] /n loot task1
[11/04/2013 22:06:29] /n loot task1
[11/04/2013 22:07:02] /n loot task1
[11/04/2013 22:07:08] /n loot task1
[11/04/2013 22:07:37] /n loot task1
[11/04/2013 22:07:49] /n loot task1
[11/04/2013 22:07:52] /r
[11/04/2013 22:08:16] /r
[11/04/2013 22:08:18] /n loot task1
[11/04/2013 22:09:01] /r
[11/04/2013 22:09:06] /n loot task1
[11/04/2013 22:09:54] /n loot task1
[11/04/2013 22:09:56] /r
[11/04/2013 22:10:21] /n loot task1
[11/04/2013 22:10:23] /r
[11/04/2013 22:10:40] /n loot task1
[11/04/2013 22:10:42] /r
[11/04/2013 22:11:26] /r
[11/04/2013 22:11:27] /n loot task1
[11/04/2013 22:12:04] /n loot task1
[11/04/2013 22:12:13] /n loot task1
[11/04/2013 22:13:34] /n loot task1
[11/04/2013 22:13:42] /i stone orb
[11/04/2013 22:13:57] /i stone orb
[11/04/2013 22:14:05] /i stone orb
[14/04/2013 11:38:19] /i 2953
[14/04/2013 11:38:20] /i 2952
[14/04/2013 11:38:22] /i 2951
[05/05/2013 17:56:29] /i 2000
[05/05/2013 17:57:31] /m shiny gengar
[13/05/2013 18:13:15] /i revive
