[20/12/2013 01:58:56] /a 2
[20/12/2013 01:58:57] /a 20
[20/12/2013 01:58:58] /a 20
[20/12/2013 01:58:59] /a 20
[20/12/2013 01:59:11] /c administrador
[20/12/2013 01:59:17] /c Adiministrador
[20/12/2013 01:59:46] /i blastoise
[20/12/2013 01:59:48] /m blastoise
[20/12/2013 01:59:59] /i master blal
[20/12/2013 02:00:02] /i master ball
[20/12/2013 02:00:08] /i defeated blastoise
[20/12/2013 02:00:30] /a 3
[20/12/2013 02:00:32] /m poliwag
[20/12/2013 02:00:36] /i defeated poliwag
[20/12/2013 02:00:58] /a 2
[20/12/2013 02:01:04] /a 3
[20/12/2013 02:01:06] /a 2
[20/12/2013 02:01:07] /up
[20/12/2013 02:01:21] /c administrador
[20/12/2013 02:01:26] /c adiministrador
[20/12/2013 02:01:30] /a 2
[20/12/2013 02:01:31] /a 2
[20/12/2013 02:01:31] /a 2
[20/12/2013 02:01:32] /up
[20/12/2013 02:01:33] /up
[20/12/2013 02:01:47] /a 3
[20/12/2013 02:02:01] /a 2
[20/12/2013 02:02:01] /a 2
[20/12/2013 02:02:02] /a 2
[20/12/2013 02:02:02] /a 2
[20/12/2013 02:02:03] /a 2
[20/12/2013 02:02:03] /a 20
[20/12/2013 02:02:04] /a 20
[20/12/2013 02:02:05] /a 20
[20/12/2013 02:02:28] /goto shiny venusaur
[20/12/2013 02:02:41] /i chest
[20/12/2013 02:03:20] /goto charizard
[20/12/2013 02:03:24] /r
[20/12/2013 02:03:26] /goto charizard
[20/12/2013 02:03:28] /goto blastoise
[20/12/2013 02:03:30] /r
[20/12/2013 02:03:34] /goto blastoise
[20/12/2013 02:03:45] /r
[20/12/2013 02:03:45] /goto blastoise
[20/12/2013 02:03:46] /goto blastoise
[20/12/2013 02:03:48] /r
[20/12/2013 02:03:48] /r
[20/12/2013 02:03:48] /r
[20/12/2013 02:03:49] /goto blastoise
[20/12/2013 02:03:50] /r
[20/12/2013 02:03:50] /goto blastoise
[20/12/2013 02:03:51] /r
[20/12/2013 02:03:52] /goto blastoise
[20/12/2013 02:03:53] /r
[20/12/2013 02:03:54] /goto blastoise
[20/12/2013 02:03:56] /r
[20/12/2013 02:04:00] /goto blastoise
[20/12/2013 02:04:02] /r
[20/12/2013 02:04:03] /goto blastoise
[20/12/2013 02:04:04] /r
[20/12/2013 02:04:04] /goto blastoise
[20/12/2013 02:04:06] /goto blastoise
[20/12/2013 02:04:06] /goto blastoise
[20/12/2013 02:04:10] /goto venusaur
[20/12/2013 02:04:11] /r
[20/12/2013 02:04:12] /goto blastoise
[20/12/2013 02:04:13] /goto blastoise
[20/12/2013 02:04:23] /a 5
[20/12/2013 02:04:23] /a 5
[20/12/2013 02:04:24] /goto blastoise
[20/12/2013 02:04:24] /r
[20/12/2013 02:04:25] /up
[20/12/2013 02:04:29] /goto charizard
[20/12/2013 02:04:30] /r
[20/12/2013 02:04:31] /goto blastoise
[20/12/2013 02:04:42] /goto charizard
[20/12/2013 02:04:42] /goto charizard
[20/12/2013 02:04:42] /goto charizard
[20/12/2013 02:04:42] /goto charizard
[20/12/2013 02:04:42] /goto charizard
[20/12/2013 02:04:42] /goto charizard
[20/12/2013 02:04:43] /r
[20/12/2013 02:04:44] /goto charizard
[20/12/2013 02:04:45] /r
[20/12/2013 02:04:45] /goto charizard
[20/12/2013 02:04:46] /r
[20/12/2013 02:04:46] /goto charizard
[20/12/2013 02:04:47] /r
[20/12/2013 02:04:47] /goto charizard
[20/12/2013 02:04:49] /r
[20/12/2013 02:04:52] /goto charizard
[20/12/2013 02:04:53] /r
[20/12/2013 02:04:54] /goto charizard
[20/12/2013 02:04:55] /r
[20/12/2013 02:04:55] /goto charizard
[20/12/2013 02:04:57] /r
[20/12/2013 02:04:57] /goto charizard
[20/12/2013 02:04:58] /r
[20/12/2013 02:04:58] /goto charizard
[20/12/2013 02:04:59] /r
[20/12/2013 02:05:04] /r
[20/12/2013 02:05:06] /r
[20/12/2013 02:05:07] /r
[20/12/2013 02:05:09] /goto charizard
[20/12/2013 02:05:11] /r
[20/12/2013 02:05:12] /r
[20/12/2013 02:05:12] /goto charizard
[20/12/2013 02:05:14] /r
[20/12/2013 02:05:15] /goto charizard
[20/12/2013 02:05:16] /r
[20/12/2013 02:05:17] /goto charizard
[20/12/2013 02:05:18] /r
[20/12/2013 02:05:18] /goto charizard
[20/12/2013 02:05:19] /goto charizard
[20/12/2013 02:05:20] /r
[20/12/2013 02:05:23] /goto charizard
[20/12/2013 02:05:23] /r
[20/12/2013 02:05:24] /r
[20/12/2013 02:05:24] /goto charizard
[20/12/2013 02:05:26] /r
[20/12/2013 02:05:26] /goto charizard
[20/12/2013 02:05:28] /r
[20/12/2013 02:05:29] /goto charizard
[20/12/2013 02:05:30] /r
[20/12/2013 02:05:30] /goto charizard
[20/12/2013 02:05:31] /r
[20/12/2013 02:05:33] /r
[20/12/2013 02:05:33] /goto charizard
[20/12/2013 02:05:35] /r
[20/12/2013 02:05:35] /goto charizard
[20/12/2013 02:05:36] /r
[20/12/2013 02:05:36] /goto charizard
[20/12/2013 02:05:38] /r
[20/12/2013 02:05:38] /goto charizard
[20/12/2013 02:05:39] /r
[20/12/2013 02:05:39] /goto charizard
[20/12/2013 02:05:41] /r
[20/12/2013 02:05:41] /goto charizard
[20/12/2013 02:05:42] /r
[20/12/2013 02:05:42] /goto charizard
[20/12/2013 02:05:43] /r
[20/12/2013 02:05:44] /goto charizard
[20/12/2013 02:05:45] /r
[20/12/2013 02:05:46] /r
[20/12/2013 02:05:47] /goto charizard
[20/12/2013 02:05:48] /r
[20/12/2013 02:05:48] /goto charizard
[20/12/2013 02:05:50] /r
[20/12/2013 02:05:50] /goto charizard
[20/12/2013 02:05:51] /r
[20/12/2013 02:05:51] /goto charizard
[20/12/2013 02:05:52] /r
[20/12/2013 02:05:59] /a 10
[20/12/2013 02:06:02] /a 5
[20/12/2013 02:06:03] /a 5
[20/12/2013 02:06:04] /a 5
[20/12/2013 02:06:05] /a 5
[20/12/2013 02:06:09] /a 5
[20/12/2013 02:06:09] /a 5
[20/12/2013 02:06:10] /a 5
[20/12/2013 02:06:11] /a 5
[20/12/2013 02:06:16] /a 5
[20/12/2013 02:06:17] /a 5
[20/12/2013 02:06:17] /a 5
[20/12/2013 02:06:18] /a 5
[20/12/2013 02:06:18] /a 5
[20/12/2013 02:06:19] /a 5
[20/12/2013 02:06:19] /a 5
[20/12/2013 02:06:20] /a 5
[20/12/2013 02:06:21] /a 5
[20/12/2013 02:06:21] /a 5
[20/12/2013 02:06:22] /a 5
[20/12/2013 02:06:23] /a 5
[20/12/2013 02:06:23] /a 5
[20/12/2013 02:06:24] /a 5
[20/12/2013 02:06:25] /a 5
[20/12/2013 02:06:25] /a 5
[20/12/2013 02:06:25] /a 5
[20/12/2013 02:06:27] /a 5
[20/12/2013 02:06:27] /a 5
[20/12/2013 02:06:27] /a 5
[20/12/2013 02:06:28] /a 5
[20/12/2013 02:06:28] /a 5
[20/12/2013 02:06:29] /a 5
[20/12/2013 02:06:50] /r
[20/12/2013 02:06:51] /goto charizard
[20/12/2013 02:06:52] /r
[20/12/2013 02:06:52] /goto charizard
[20/12/2013 02:07:06] /goto charizard
[20/12/2013 02:07:06] /r
[20/12/2013 02:07:07] /r
[20/12/2013 02:07:27] /goto adiministrador
[20/12/2013 02:07:29] /r
[20/12/2013 02:07:30] /goto charizard
[20/12/2013 02:07:32] /r
[20/12/2013 02:07:33] /down
[20/12/2013 02:07:43] /goto charizard
[20/12/2013 02:07:47] /r
[20/12/2013 02:07:47] /goto charizard
[20/12/2013 02:07:48] /r
[20/12/2013 02:07:53] /goto charizard
[20/12/2013 02:07:55] /r
[20/12/2013 02:08:04] /goto elder charizard
[20/12/2013 02:08:05] /r
[20/12/2013 02:08:13] /a 2
[20/12/2013 02:08:15] /a 4
[20/12/2013 02:08:16] /a 4
[20/12/2013 02:08:29] /t
[20/12/2013 02:08:34] /a 2
[20/12/2013 02:09:33] /a 2
[20/12/2013 02:09:35] /a a3
[20/12/2013 02:09:35] /a 3
[20/12/2013 02:09:48] /a 5
[20/12/2013 02:09:48] /a 5
[20/12/2013 02:09:48] /a 5
[20/12/2013 02:09:49] /a 5
[20/12/2013 02:09:51] /a 2
[20/12/2013 02:09:53] /a
[20/12/2013 02:09:53] /a
[20/12/2013 02:09:55] /a
[20/12/2013 02:09:56] /a
[20/12/2013 02:09:56] /a
[20/12/2013 02:09:57] /a
[20/12/2013 02:10:01] /down
[20/12/2013 02:10:04] /a 5
[20/12/2013 02:10:04] /a 5
[20/12/2013 02:10:46] /goto pidgeot
[20/12/2013 02:11:00] /r
[20/12/2013 02:11:00] /goto pidgeot
[20/12/2013 02:11:01] /r
[20/12/2013 02:11:01] /goto pidgeot
[20/12/2013 02:11:03] /r
[20/12/2013 02:11:03] /goto pidgeot
[20/12/2013 02:11:04] /goto pidgeot
[20/12/2013 02:11:05] /r
[20/12/2013 02:11:06] /r
[20/12/2013 02:11:06] /goto pidgeot
[20/12/2013 02:11:07] /r
[20/12/2013 02:11:07] /goto pidgeot
[20/12/2013 02:11:08] /r
[20/12/2013 02:11:09] /goto pidgeot
[20/12/2013 02:11:10] /r
[20/12/2013 02:11:10] /goto pidgeot
[20/12/2013 02:11:11] /r
[20/12/2013 02:11:12] /goto pidgeot
[20/12/2013 02:11:14] /r
[20/12/2013 02:11:14] /goto pidgeot
[20/12/2013 02:11:15] /r
[20/12/2013 02:11:17] /r
[20/12/2013 02:11:18] /r
[20/12/2013 02:11:19] /r
[20/12/2013 02:11:23] /goto pidgeot
[20/12/2013 02:11:24] /r
[20/12/2013 02:11:24] /goto pidgeot
[20/12/2013 02:11:26] /r
[20/12/2013 02:11:26] /goto pidgeot
[20/12/2013 02:11:27] /r
[20/12/2013 02:11:27] /goto pidgeot
[20/12/2013 02:11:29] /r
[20/12/2013 02:11:29] /goto pidgeot
[20/12/2013 02:11:30] /r
[20/12/2013 02:11:30] /goto pidgeot
[20/12/2013 02:11:31] /r
[20/12/2013 02:11:32] /goto pidgeot
[20/12/2013 02:11:32] /r
[20/12/2013 02:11:33] /goto pidgeot
[20/12/2013 02:11:33] /goto pidgeot
[20/12/2013 02:11:33] /r
[20/12/2013 02:11:34] /goto pidgeot
[20/12/2013 02:11:35] /r
[20/12/2013 02:11:36] /goto pidgeot
[20/12/2013 02:11:37] /goto pidgeot
[20/12/2013 02:11:37] /r
[20/12/2013 02:11:39] /r
[20/12/2013 02:11:39] /r
[20/12/2013 02:11:39] /r
[20/12/2013 02:11:39] /r
[20/12/2013 02:11:39] /r
[20/12/2013 02:11:40] /r
[20/12/2013 02:11:40] /goto pidgeot
[20/12/2013 02:11:42] /r
[20/12/2013 02:11:43] /r
[20/12/2013 02:11:43] /goto pidgeot
[20/12/2013 02:11:45] /r
[20/12/2013 02:11:45] /goto pidgeot
[20/12/2013 02:11:47] /r
[20/12/2013 02:11:47] /goto pidgeot
[20/12/2013 02:11:48] /r
[20/12/2013 02:11:49] /goto pidgeot
[20/12/2013 02:11:49] /goto pidgeot
[20/12/2013 02:11:52] /goto shiny pidgeot
[20/12/2013 02:11:53] /r
[20/12/2013 02:11:54] /goto shiny pidgeot
[20/12/2013 02:12:03] /t
[20/12/2013 02:12:08] /a 3
[20/12/2013 02:12:08] /a 3
[20/12/2013 02:12:27] /a 5
[20/12/2013 02:12:28] /a 5
[20/12/2013 02:12:32] /a 5
[20/12/2013 02:12:53] /a 5
[20/12/2013 02:12:53] /a 5
[20/12/2013 02:12:54] /a 5
[20/12/2013 02:12:54] /a 5
[20/12/2013 02:12:55] /a 5
[20/12/2013 02:12:55] /a 5
[20/12/2013 02:12:56] /a 5
[20/12/2013 02:12:58] /a 5
[20/12/2013 02:12:58] /a 5
[20/12/2013 02:12:59] /a 5
[20/12/2013 02:13:00] /a 5
[20/12/2013 02:13:07] /a 3
[20/12/2013 02:13:07] /a 3
[20/12/2013 02:13:07] /a 3
[20/12/2013 02:13:08] /a 3
[20/12/2013 02:13:09] /a 3
[20/12/2013 02:13:09] /a 3
[20/12/2013 02:13:10] /a 3
[20/12/2013 02:13:11] /a 3
[20/12/2013 02:13:11] /a 3
[20/12/2013 02:13:12] /a 3
[20/12/2013 02:13:12] /a 3
[20/12/2013 02:13:13] /a 3
[20/12/2013 02:13:14] /a 3
[20/12/2013 02:13:15] /a 3
[20/12/2013 02:13:26] /i hundred dollar
[20/12/2013 02:13:33] /a 2
[20/12/2013 02:14:36] /a 2
[20/12/2013 02:14:37] /a 2
[20/12/2013 02:14:43] /a 
[20/12/2013 02:14:54] /a 2
[20/12/2013 02:14:56] /a 2
[20/12/2013 02:14:57] /a 2
[20/12/2013 02:15:03] /a 2
[20/12/2013 02:15:05] /a 2
[20/12/2013 02:15:05] /a 2
[20/12/2013 02:15:06] /a 2
[20/12/2013 02:15:06] /a 2
[20/12/2013 02:15:07] /a 2
[20/12/2013 02:15:07] /a 2
[20/12/2013 02:15:08] /a 2
[20/12/2013 02:15:08] /a 2
[20/12/2013 02:15:09] /a 2
[20/12/2013 02:15:09] /a 2
[20/12/2013 02:15:16] /goto adiministrador
[20/12/2013 02:15:46] /t
[20/12/2013 02:15:50] /a 2
[20/12/2013 02:15:53] /t
[20/12/2013 02:15:55] /a 3
[20/12/2013 02:15:58] /t
[20/12/2013 02:16:01] /a 2
[20/12/2013 02:16:03] /a 2
[20/12/2013 02:16:05] /t
[20/12/2013 02:16:11] /a 2
[20/12/2013 02:16:37] /a 2
[20/12/2013 02:16:43] /goto adiministrador
