[22/05/2013 15:26:03] /b lalal
[14/06/2013 22:15:07] /newtype 313
[14/06/2013 22:17:57] /i pacotinho
[14/06/2013 22:19:29] /i 7891
[14/06/2013 22:19:39] /addskill Erondino,lvl,300
[14/06/2013 22:29:48] /clean
[14/06/2013 22:30:39] /m magmar
[14/06/2013 22:30:42] /m electabuzz
[14/06/2013 22:30:44] /m electrode
[14/06/2013 22:30:58] /n nurse
[14/06/2013 22:31:40] /clean
[14/06/2013 22:31:42] /r
[14/06/2013 22:31:43] /r
[14/06/2013 22:31:44] /r
[14/06/2013 22:31:59] /i 1987
[14/06/2013 22:32:02] /i ancient stone
[14/06/2013 22:32:04] /i metal stone
[14/06/2013 22:32:11] /i leaf stone
[14/06/2013 22:32:16] /i pokebag
[14/06/2013 22:32:19] /i poke bag
[14/06/2013 22:32:27] /i leaf stone
[14/06/2013 22:32:32] /i fire stone
[14/06/2013 22:34:56] /m electrode 
[14/06/2013 22:34:58] /m electabuzz
[14/06/2013 22:35:01] /m magmar
[14/06/2013 22:35:06] /r
[14/06/2013 22:35:07] /r
[14/06/2013 22:35:08] /r
[14/06/2013 22:41:09] /i master ball
[14/06/2013 22:42:27] /i box tm
[14/06/2013 22:42:28] /i box tms
[14/06/2013 22:42:33] /i tm box
[14/06/2013 22:45:16] /n nurse
[14/06/2013 22:45:20] /goto brock
[14/06/2013 22:46:42] /i hit box
[14/06/2013 22:47:25] /goto smeargle virgem
[14/06/2013 22:48:52] /goto smeargle virgem
[14/06/2013 22:48:57] /goto smeargle
[14/06/2013 22:50:54] /shutdown
