[20/12/2013 14:59:01] /reloadCDs
[20/12/2013 14:59:04] /test
[20/12/2013 14:59:18] /reloadCDs
[21/12/2013 15:54:14] /test
[21/12/2013 15:54:29] /test
[10/01/2014 02:57:14] /goto under
[10/01/2014 02:57:16] /goto under~
[10/01/2014 05:16:37] /goto dudiz
[10/01/2014 05:16:45] /a 10
[10/01/2014 05:16:47] /c dudiz
[10/01/2014 05:18:08] /goto dudi~
[10/01/2014 05:19:33] /n Pokemon Seller
[10/01/2014 05:19:36] /n PokemonSeller
[16/01/2014 18:59:44] /goto rc junior
[16/01/2014 18:59:51] /goto not~
[16/01/2014 19:00:58] /goto rc junior
[16/01/2014 19:12:51] /m mewtwo s
[16/01/2014 19:13:40] /r
[16/01/2014 19:14:54] /c noth~
[16/01/2014 19:15:15] /goto wal~
[16/01/2014 19:16:35] /goto walba~
[16/01/2014 19:16:36] /addskill walbarello,level,100
[16/01/2014 19:16:56] /goto noth~
[16/01/2014 19:17:04] /addskill nothing gangster,level,100
[16/01/2014 19:17:28] /ghost
[16/01/2014 19:17:30] /ghost
[16/01/2014 19:18:17] /addskill Funny,level,100
[16/01/2014 19:18:32] /addskill Rc Junior,level,100
[16/01/2014 19:19:03] /c walb~
[16/01/2014 19:21:47] /r
[16/01/2014 19:22:33] /i ancient stone
[20/01/2014 08:15:54] /test
[20/01/2014 08:42:53] /reload actions
[20/01/2014 08:42:56] /reload talkactions
[20/01/2014 08:43:19] /shutdown
